TN:
SF:script/DeployScriptMainnet.s.sol
FN:14,DeployScriptMainnet.run
FNDA:0,DeployScriptMainnet.run
DA:16,0
FNF:1
FNH:0
LF:1
LH:0
BRF:0
BRH:0
end_of_record
TN:
SF:script/DeployScriptSepolia.s.sol
FN:14,DeployScriptSepolia.run
FNDA:0,DeployScriptSepolia.run
DA:15,0
DA:16,0
DA:17,0
FNF:1
FNH:0
LF:3
LH:0
BRF:0
BRH:0
end_of_record
TN:
SF:src/Heirloom.sol
FN:93,Heirloom.setModule
FNDA:20,Heirloom.setModule
DA:96,16
BRDA:96,0,0,1
BRDA:96,0,1,15
DA:98,15
DA:99,15
BRDA:99,1,0,2
BRDA:99,1,1,15
DA:101,15
DA:102,15
BRDA:102,2,0,2
BRDA:102,2,1,15
DA:104,2
DA:109,15
DA:112,15
DA:115,15
FN:124,Heirloom.resetModuleTimer
FNDA:5,Heirloom.resetModuleTimer
DA:127,1
DA:130,1
FN:135,Heirloom.claimModule
FNDA:5,Heirloom.claimModule
DA:138,5
BRDA:138,3,0,1
BRDA:138,3,1,4
DA:141,4
DA:142,4
DA:145,4
DA:148,4
DA:151,4
DA:154,4
BRDA:154,4,0,-
BRDA:154,4,1,1
DA:157,1
DA:160,1
DA:165,3
FN:174,Heirloom.viewModuleInformation
FNDA:18,Heirloom.viewModuleInformation
DA:175,18
FNF:4
FNH:4
LF:22
LH:22
BRF:10
BRH:9
end_of_record
TN:
SF:test/MockERC20.sol
FN:9,MockERC20.mint
FNDA:18,MockERC20.mint
DA:10,18
FNF:1
FNH:1
LF:1
LH:1
BRF:0
BRH:0
end_of_record
